autoscan: warning: missing AC_CHECK_FUNCS([gethostbyname]) wanted by: 
	Net/socketaddress.cc:69
autoscan: warning: missing AC_CHECK_FUNCS([gettimeofday]) wanted by: 
	SocketComm/receive.cc:21
	SocketComm/receive.cc:23
	SocketComm/receive.cc:108
	SocketComm/receive.cc:110
	SocketComm/socketcomm.hh:62
	Net/timeval.cc:50
autoscan: warning: missing AC_CHECK_FUNCS([inet_ntoa]) wanted by: 
	Net/socketaddress.cc:146
autoscan: warning: missing AC_CHECK_FUNCS([memset]) wanted by: 
	Cerebellum/outputCommands.cc:16
	Parser/initialize.cc:125
autoscan: warning: missing AC_CHECK_FUNCS([pow]) wanted by: 
	Distribution3D/NormalDistribution3D/calcFactor.cc:5
	Distribution3D/NormalDistribution3D/calcFactor.cc:6
autoscan: warning: missing AC_CHECK_FUNCS([select]) wanted by: 
	Input/input.hh:104
	GamepadInput/gamepadinput.cc:49
	Net/server.cc:113
	Net/client.cc:71
	ast/select.cc:6
	ast/select.cc:33
	ast/ast.hh:229
	Conf/xmlnode.hh:276
autoscan: warning: missing AC_CHECK_FUNCS([setlocale]) wanted by: 
	Predicate/predicate.hh:322
autoscan: warning: missing AC_CHECK_FUNCS([socket]) wanted by: 
	HumanoidAgent/connecttodebugger.cc:12
	VD3Connector/vd3connector.cc:38
	Net/server.cc:166
	Net/socket.cc:48
	Net/socket.cc:49
	Net/client.cc:93
autoscan: warning: missing AC_CHECK_FUNCS([sqrt]) wanted by: 
	Math/cartesianToPolar.cc:11
	Math/cartesianToPolar.cc:17
	Math/basicmath.hh:77
	Math/basicmath.hh:101
	Math/basicmath.hh:117
	Math/basicmath.hh:148
	Vector3/vector3.hh:179
	Distribution3D/NormalDistribution3D/calcFactor.cc:5
	Distribution3D/NormalDistribution3D/calcFactor.cc:7
	Distribution3D/NormalDistribution3D/getX.cc:14
	Distribution3D/NormalDistribution3D/getX.cc:15
	Distribution3D/NormalDistribution3D/getX.cc:16
	Distribution3D/NormalDistribution3D/getX.cc:18
	Distribution3D/NormalDistribution3D/getX.cc:19
	Distribution3D/NormalDistribution3D/getX.cc:22
	Vector4/vector4_fpu.hh:226
	Talent/kickTo.cc:12
	Behavior/behavior.hh:176
	Behavior/behavior.hh:177
	Behavior/behavior.hh:178
	Behavior/KickRightR/getCapability.cc:12
	Behavior/KickLeftL/getCapability.cc:12
autoscan: warning: missing AC_CHECK_FUNCS([strcasecmp]) wanted by: 
	Hashclasses/hashclasses.hh:157
	Hashclasses/hashclasses.hh:184
autoscan: warning: missing AC_CHECK_FUNCS([strerror]) wanted by: 
	Net/server.cc:116
	Net/client.cc:74
	Net/socket.hh:193
	Net/socket.hh:210
	Net/socket.hh:217
	Net/socket.hh:224
	Net/socket.hh:233
	Net/socket.hh:249
	Net/socket.hh:271
autoscan: warning: missing AC_CHECK_HEADERS([arpa/inet.h]) wanted by: 
	VD3Connector/vd3connector.hh:13
	Net/socketaddress.cc:48
autoscan: warning: missing AC_CHECK_HEADERS([fcntl.h]) wanted by: 
	GamepadInput/gamepadinput.hh:6
	Net/socket.hh:69
autoscan: warning: missing AC_CHECK_HEADERS([netdb.h]) wanted by: 
	Net/socketaddress.cc:43
autoscan: warning: missing AC_CHECK_HEADERS([netinet/in.h]) wanted by: 
	VD3Connector/vd3connector.hh:12
	Net/socketaddress.hh:58
autoscan: warning: missing AC_CHECK_HEADERS([sys/socket.h]) wanted by: 
	VD3Connector/vd3connector.hh:11
	Net/socketaddress.hh:53
	Net/socket.hh:64
autoscan: warning: missing AC_CHECK_HEADERS([sys/time.h]) wanted by: 
	Net/server.cc:43
	Net/timeval.hh:49
autoscan: warning: missing AC_C_INLINE wanted by: 
	RefAble/refable_old.hh:73
	RefAble/refable_old.hh:90
	RefAble/refable.hh:27
	RefAble/refable.hh:47
	Math/basicmath.hh:77
	Math/basicmath.hh:112
	Vector3/vector3.hh:78
	Vector3/vector3.hh:85
	Vector3/vector3.hh:94
	Vector3/vector3.hh:99
	Vector3/vector3.hh:104
	Vector3/vector3.hh:111
	Vector3/vector3.hh:116
	Vector3/vector3.hh:124
	Vector3/vector3.hh:126
	Vector3/vector3.hh:142
	Vector3/vector3.hh:145
	Vector3/vector3.hh:148
	Vector3/vector3.hh:151
	Vector3/vector3.hh:154
	Vector3/vector3.hh:158
	Vector3/vector3.hh:165
	Vector3/vector3.hh:168
	Vector3/vector3.hh:171
	Vector3/vector3.hh:177
	Vector3/vector3.hh:187
	Vector3/vector3.hh:201
	Vector3/vector3.hh:215
	Vector3/vector3.hh:225
	Vector3/vector3.hh:231
	Vector3/vector3.hh:241
	Vector3/vector3.hh:251
	Vector3/vector3.hh:261
	Vector3/vector3.hh:273
	Vector3/vector3.hh:287
	Vector3/vector3.hh:299
	Vector3/vector3.hh:309
	Vector3/vector3.hh:319
	Vector3/vector3.hh:329
	Vector3/vector3.hh:336
	Vector3/vector3.hh:341
	Vector3/vector3.hh:351
	Vector3/vector3.hh:362
	Vector3/vector3.hh:378
	Vector4/vector4_sse.hh:96
	Vector4/vector4_sse.hh:117
	Vector4/vector4_sse.hh:119
	Vector4/vector4_sse.hh:129
	Vector4/vector4_sse.hh:137
	Vector4/vector4_sse.hh:144
	Vector4/vector4_sse.hh:146
	Vector4/vector4_sse.hh:148
	Vector4/vector4_sse.hh:153
	Vector4/vector4_sse.hh:163
	Vector4/vector4_sse.hh:170
	Vector4/vector4_sse.hh:176
	Vector4/vector4_sse.hh:182
	Vector4/vector4_sse.hh:188
	Vector4/vector4_sse.hh:194
	Vector4/vector4_sse.hh:202
	Vector4/vector4_sse.hh:208
	Vector4/vector4_sse.hh:214
	Vector4/vector4_sse.hh:220
	Vector4/vector4_sse.hh:229
	Vector4/vector4_sse.hh:258
	Vector4/vector4_sse.hh:308
	Vector4/vector4_sse.hh:331
	Vector4/vector4_sse.hh:337
	Vector4/vector4_sse.hh:344
	Vector4/vector4_sse.hh:351
	Vector4/vector4_sse.hh:358
	Vector4/vector4_sse.hh:365
	Vector4/vector4_sse.hh:371
	Vector4/vector4_sse.hh:377
	Vector4/vector4_sse.hh:383
	Vector4/vector4_sse.hh:389
	Vector4/vector4_sse.hh:396
	Vector4/vector4_sse.hh:402
	Vector4/vector4_sse.hh:408
	Vector4/vector4_sse.hh:430
	Vector4/vector4_sse.hh:436
	Vector4/vector4_fpu.hh:78
	Vector4/vector4_fpu.hh:85
	Vector4/vector4_fpu.hh:99
	Vector4/vector4_fpu.hh:101
	Vector4/vector4_fpu.hh:108
	Vector4/vector4_fpu.hh:118
	Vector4/vector4_fpu.hh:123
	Vector4/vector4_fpu.hh:126
	Vector4/vector4_fpu.hh:127
	Vector4/vector4_fpu.hh:129
	Vector4/vector4_fpu.hh:134
	Vector4/vector4_fpu.hh:150
	Vector4/vector4_fpu.hh:159
	Vector4/vector4_fpu.hh:165
	Vector4/vector4_fpu.hh:173
	Vector4/vector4_fpu.hh:180
	Vector4/vector4_fpu.hh:188
	Vector4/vector4_fpu.hh:196
	Vector4/vector4_fpu.hh:202
	Vector4/vector4_fpu.hh:208
	Vector4/vector4_fpu.hh:214
	Vector4/vector4_fpu.hh:223
	Vector4/vector4_fpu.hh:233
	Vector4/vector4_fpu.hh:269
	Vector4/vector4_fpu.hh:282
	Vector4/vector4_fpu.hh:288
	Vector4/vector4_fpu.hh:303
	Vector4/vector4_fpu.hh:319
	Vector4/vector4_fpu.hh:334
	Vector4/vector4_fpu.hh:348
	Vector4/vector4_fpu.hh:360
	Vector4/vector4_fpu.hh:373
	Vector4/vector4_fpu.hh:386
	Vector4/vector4_fpu.hh:399
	Vector4/vector4_fpu.hh:417
	Vector4/vector4_fpu.hh:438
	PortableParser/portableparser.hh:109
	PortableParser/portableparser.hh:180
	PortableParser/portableparser.hh:214
	PortableParser/portableparser.hh:227
	PortableParser/portableparser.hh:235
autoscan: warning: missing AC_HEADER_STDBOOL wanted by: 
	opuciplayer.cc:73
	opuciplayer.cc:81
	opuciplayer.cc:82
	RefAble/refable_old.hh:90
	RefAble/refable_old.hh:92
	RefAble/refable.hh:47
	RefAble/refable.hh:49
	Input/input.hh:71
	Input/input.hh:124
	HumanoidAgent/humanoidagent.hh:39
	HumanoidAgent/humanoidagent.hh:40
	HumanoidAgent/humanoidagent.hh:89
	WorldModel/onMyFeet.cc:3
	WorldModel/onMyFeet.cc:7
	WorldModel/onMyFeet.cc:8
	WorldModel/worldmodel.hh:244
	WorldModel/worldmodel.hh:245
	WorldModel/worldmodel.hh:267
	WorldModel/worldmodel.hh:274
	WorldModel/worldmodel.hh:291
	WorldModel/worldmodel.hh:294
	WorldModel/worldmodel.hh:295
	WorldModel/worldmodel.hh:302
	WorldModel/worldmodel.hh:314
	WorldModel/worldmodel.hh:318
	WorldModel/worldmodel.hh:321
	WorldModel/worldmodel.hh:324
	WorldModel/worldmodel.hh:330
	WorldModel/worldmodel.hh:397
	WorldModel/worldmodel.hh:520
	WorldModel/worldmodel.hh:524
	WorldModel/worldmodel.hh:547
	WorldModel/worldmodel.hh:751
	WorldModel/worldmodel.hh:758
	WorldModel/worldmodel.hh:773
	WorldModel/worldmodel.hh:774
	WorldModel/worldmodel.hh:818
	WorldModel/worldmodel.hh:823
	WorldModel/worldmodel.hh:828
	WorldModel/worldmodel.hh:833
	WorldModel/worldmodel.hh:863
	WorldModel/worldmodel.hh:867
	WorldModel/worldmodel.hh:871
	WorldModel/worldmodel.hh:884
	WorldModel/worldmodel.hh:919
	WorldModel/worldmodel.hh:1051
	WorldModel/worldmodel.hh:1054
	WorldModel/worldmodel.hh:1066
	WorldModel/worldmodel.hh:1070
	WorldModel/worldmodel.hh:1074
	WorldModel/worldmodel.hh:1079
	WorldModel/worldmodel.hh:1082
	WorldModel/updateAttackerState.cc:21
	WorldModel/onMy.cc:5
	WorldModel/onMy.cc:22
	WorldModel/onMy.cc:37
	WorldModel/convert.cc:42
	SocketComm/socketcomm.hh:197
	Ref/rf.hh:75
	Ref/rf.hh:83
	Ref/rf.hh:92
	Ref/rf.hh:103
	Math/atSameSideOf.cc:8
	Math/math.hh:124
	Math/math.hh:128
	Logger/logger.hh:13
	Logger/logger.hh:34
	Logger/statics.cc:5
	GamepadInput/gamepadinput.hh:62
	GamepadInput/gamepadinput.hh:66
	GamepadInput/gamepadinput.hh:67
	GamepadInput/gamepadinput.hh:69
	GamepadInput/gamepadinput.hh:74
	GamepadInput/gamepadinput.hh:79
	GamepadInput/gamepadinput.hh:84
	GamepadInput/gamepadinput.hh:115
	GamepadInput/gamepadinput.hh:119
	GamepadInput/gamepadinput.hh:120
	Vector3/vector3.hh:329
	Vector3/vector3.hh:336
	Vector3/vector3.hh:341
	Vector3/vector3.hh:378
	VD3Connector/vd3connector.hh:116
	Net/client.hh:92
	Net/client.hh:115
	Net/client.hh:117
	Net/client.hh:119
	Net/client.hh:124
	Net/client.hh:125
	Net/client.hh:126
	Net/timeval.hh:146
	Net/timeval.hh:152
	Net/timeval.hh:158
	Net/timeval.hh:165
	Net/timeval.hh:172
	Net/timeval.hh:179
	Net/client.cc:133
	Net/socket.hh:161
	Net/socket.hh:164
	Net/socket.hh:167
	Net/socket.hh:170
	Net/socket.hh:173
	Net/socket.hh:176
	Net/socket.hh:196
	Net/socket.hh:301
	Net/socket.hh:311
	Net/server.hh:106
	Net/server.hh:128
	Net/server.hh:129
	Net/server.hh:130
	Net/server.hh:131
	Singleton/singleton.hh:123
	Predicate/predicate.hh:158
	Predicate/predicate.hh:282
	Predicate/predicate.hh:288
	Predicate/predicate.hh:294
	Predicate/predicate.hh:300
	Predicate/predicate.hh:305
	Predicate/predicate.hh:334
	Predicate/predicate.hh:335
	Predicate/predicate.hh:341
	Cerebellum/outputCommands.cc:73
	ast/ast.hh:129
	ast/ast.hh:157
	ast/ast.hh:172
	ast/ast.hh:180
	Conf/xmlnode.hh:102
	Conf/xmlnode.hh:139
	Conf/xmlnodeset.hh:134
	Conf/xmlnodeset.hh:139
	Conf/xmlnodeset.hh:227
	Vector4/vector4_sse.hh:408
	Vector4/vector4_sse.hh:436
	Vector4/vector4_fpu.hh:399
	Vector4/vector4_fpu.hh:438
	Talent/atSameSideOf.cc:9
	Talent/talent.hh:128
	PortableParser/portableparser.hh:82
	PortableParser/portableparser.hh:109
	PortableParser/portableparser.hh:227
	PortableParser/portableparser.hh:235
	Behavior/doCurrentStep.cc:5
	Behavior/doCurrentStep.cc:88
	Behavior/doCurrentStep.cc:100
	Behavior/commonfunction.hh:34
	Behavior/commonfunction.hh:35
	Behavior/commonfunction.hh:42
	Behavior/commonfunction.hh:43
	Behavior/commonfunction.hh:51
	Behavior/commonfunction.hh:76
	Behavior/behavior.hh:135
	Behavior/behavior.hh:327
	Behavior/behavior.hh:339
	Behavior/behavior.hh:342
	Behavior/behavior.hh:345
	Behavior/behavior.hh:348
	Behavior/behavior.hh:370
	Behavior/behavior.hh:373
	Behavior/behavior.hh:376
	Behavior/behavior.hh:467
	Behavior/behavior.hh:479
	Behavior/behavior.hh:482
	Behavior/behavior.hh:485
	Behavior/behavior.hh:488
	Behavior/behavior.hh:491
	Behavior/behavior.hh:525
	Behavior/achieveGoal.cc:3
	Behavior/achieveGoal.cc:9
	Behavior/doLastChosen.cc:3
	Behavior/doLastChosen.cc:7
	Behavior/commonfunction.cc:33
	Behavior/commonfunction.cc:45
	Behavior/commonfunction.cc:73
	Behavior/commonfunction.cc:81
	Behavior/commonfunction.cc:88
	Behavior/commonfunction.cc:108
	Behavior/commonfunction.cc:128
	Behavior/commonfunction.cc:142
	Behavior/doNextStep.cc:3
	Behavior/doNextStep.cc:13
	Behavior/doNextStep.cc:67
	Behavior/doNextStep.cc:75
	Behavior/LeftStep/getCapability.cc:24
	Behavior/canKickRight/getCapability.cc:17
	Behavior/GoodPositionAngle/generateGoal.cc:34
	Behavior/GoodPositionAngle/generateGoal.cc:35
	Behavior/GoodPositionAngle/generateGoal.cc:36
	Behavior/GoodPositionAngle/generateGoal.cc:37
	Behavior/GoodPositionAngle/generateGoal.cc:39
	Behavior/GoodPositionAngle/generateGoal.cc:40
	Behavior/GoodPositionAngle/generateGoal.cc:41
	Behavior/GoodPositionAngle/generateGoal.cc:42
	Behavior/PrimitiveBehavior/primitivebehavior.hh:37
	Behavior/PrimitiveBehavior/primitivebehavior.hh:52
	Behavior/PrimitiveBehavior/MoveJoint/movejoint.hh:75
	Behavior/PrimitiveBehavior/MoveJoint/run.cc:16
	Behavior/PrimitiveBehavior/Beam/run.cc:6
	Behavior/PrimitiveBehavior/Beam/beam.hh:70
	Behavior/PrimitiveBehavior/MoveUniversalJoint/run.cc:10
	Behavior/PrimitiveBehavior/MoveUniversalJoint/moveuniversaljoint.hh:84
	Behavior/PrimitiveBehavior/MoveHingeJoint/movehingejoint.hh:35
	Behavior/PrimitiveBehavior/MoveHingeJoint/run.cc:10
	Behavior/ScriptPlayer/ScriptPlayer.cc:38
	Behavior/ScriptPlayer/update.cc:23
	Behavior/Defense/update.cc:193
	Behavior/Defense/defense.hh:11
	Behavior/Dribble/dribble.hh:10
	Behavior/Dribble/dribble.hh:11
	Behavior/canKickLeft/getCapability.cc:17
	Behavior/WalkStraightTo/walkstraightto.hh:13
	Behavior/WalkStraightTo/walkstraightto.hh:14
	Behavior/Block/getCapability.cc:29
	Behavior/Block/generateGoal.cc:19
	Behavior/Score/score.hh:31
	Behavior/Freeze/freeze.hh:10
	Behavior/KickRightR/getCapability.cc:32
	Behavior/KickRightR/getCapability.cc:54
	Behavior/KickRightR/getCapability.cc:57
	Behavior/KickLeftL/getCapability.cc:24
	Behavior/KickLeftL/getCapability.cc:53
	Behavior/KickLeftL/getCapability.cc:56
	Behavior/Search/search.hh:16
	Behavior/Sine2/sine2.hh:68
	Behavior/Sine2/updateFactor.cc:3
	Behavior/Sine/sine.hh:60
	Behavior/Sine/updateFactor.cc:3
	Behavior/BestPosition/bestposition.hh:10
	Behavior/Intercept/getCapability.cc:10
	Behavior/Intercept/getCapability.cc:11
	Behavior/RightStep/getCapability.cc:24
	Types/types.hh:161
	Localizer/localizer.hh:21
	Localizer/localizer.hh:22
	Localizer/localizer.hh:37
	Localizer/localizer.hh:38
	Localizer/localizer.hh:39
	Localizer/localizer.hh:40
	Localizer/localizer.hh:80
	Localizer/localizer.hh:83
	Localizer/SimpleLocalizer/simplelocalizer.hh:35
	Localizer/SimpleLocalizer/simplelocalizer.hh:38
	Localizer/SimpleLocalizer/simplelocalizer.hh:48
	Localizer/SimpleLocalizer/simplelocalizer.hh:51
	Hashclasses/hashclasses.hh:131
	Hashclasses/hashclasses.hh:155
	Hashclasses/hashclasses.hh:182
	opuciplayer.cc:73
	opuciplayer.cc:81
	opuciplayer.cc:82
	RefAble/refable_old.hh:92
	RefAble/refable.hh:49
	HumanoidAgent/humanoidagent.hh:70
	WorldModel/updatePosture.cc:270
	WorldModel/worldmodel.hh:410
	WorldModel/worldmodel.hh:768
	WorldModel/worldmodel.hh:774
	WorldModel/worldmodel.hh:887
	WorldModel/updateAttackerState.cc:67
	WorldModel/updateAttackerState.cc:72
	WorldModel/convert.cc:42
	WorldModel/convert.cc:42
	WorldModel/convert.cc:128
	WorldModel/convert.cc:144
	WorldModel/convert.cc:398
	WorldModel/updateNaoFRef.cc:16
	WorldModel/worldmodel.cc:10
	WorldModel/worldmodel.cc:17
	WorldModel/worldmodel.cc:20
	WorldModel/worldmodel.cc:21
	Math/atSameSideOf.cc:32
	Math/math.hh:136
	Math/math.hh:143
	Math/math.hh:150
	Logger/logger.hh:52
	GamepadInput/gamepadinput.cc:6
	GamepadInput/gamepadinput.cc:10
	GamepadInput/gamepadinput.cc:14
	VD3Connector/vd3connector.cc:13
	VD3Connector/vd3connector.cc:43
	VD3Connector/vd3connector.cc:56
	Net/server.cc:200
	Net/client.cc:148
	Singleton/singleton.hh:125
	Cerebellum/outputCommands.cc:73
	ast/ast.hh:180
	Talent/atSameSideOf.cc:28
	PortableParser/portableparser.hh:99
	PortableParser/portableparser.hh:117
	PortableParser/portableparser.hh:121
	PortableParser/portableparser.hh:126
	PortableParser/portableparser.hh:131
	PortableParser/portableparser.hh:138
	PortableParser/portableparser.hh:164
	Behavior/reset.cc:6
	Behavior/doCurrentStep.cc:84
	Behavior/doCurrentStep.cc:88
	Behavior/doCurrentStep.cc:100
	Behavior/doCurrentStep.cc:146
	Behavior/behavior.hh:326
	Behavior/behavior.hh:490
	Behavior/Behavior.cc:9
	Behavior/Behavior.cc:10
	Behavior/Behavior.cc:11
	Behavior/Behavior.cc:23
	Behavior/Behavior.cc:24
	Behavior/Behavior.cc:25
	Behavior/update.cc:9
	Behavior/update.cc:21
	Behavior/achieveGoal.cc:19
	Behavior/achieveGoal.cc:42
	Behavior/commonfunction.cc:38
	Behavior/commonfunction.cc:79
	Behavior/doNextStep.cc:13
	Behavior/doNextStep.cc:61
	Behavior/doNextStep.cc:65
	Behavior/doNextStep.cc:67
	Behavior/doNextStep.cc:75
	Behavior/doNextStep.cc:113
	Behavior/doNextStep.cc:118
	Behavior/LeftStep/getCapability.cc:24
	Behavior/GoodPosition/update.cc:8
	Behavior/GoodPosition/update.cc:22
	Behavior/canKickRight/getCapability.cc:17
	Behavior/canKickRight/getCapability.cc:62
	Behavior/TurnTo/update.cc:8
	Behavior/TurnTo/update.cc:10
	Behavior/TurnTo/update.cc:34
	Behavior/GoodPositionAngle/update.cc:11
	Behavior/GoodPositionAngle/update.cc:37
	Behavior/GoodPositionAngle/update.cc:44
	Behavior/PrimitiveBehavior/MoveJoint/run.cc:26
	Behavior/PrimitiveBehavior/MoveUniversalJoint/run.cc:21
	Behavior/PrimitiveBehavior/MoveHingeJoint/run.cc:20
	Behavior/ScriptPlayer/ScriptPlayer.cc:38
	Behavior/ScriptPlayer/update.cc:39
	Behavior/ScriptPlayer/update.cc:49
	Behavior/ScriptPlayer/update.cc:60
	Behavior/Defense/update.cc:14
	Behavior/Defense/update.cc:16
	Behavior/Defense/update.cc:184
	Behavior/Defense/update.cc:186
	Behavior/Defense/update.cc:204
	Behavior/Defense/update.cc:218
	Behavior/Defense/update.cc:231
	Behavior/Defense/update.cc:244
	Behavior/Defense/update.cc:256
	Behavior/Defense/update.cc:268
	Behavior/Defense/update.cc:280
	Behavior/Defense/update.cc:292
	Behavior/Defense/update.cc:302
	Behavior/Defense/update.cc:304
	Behavior/Defense/update.cc:321
	Behavior/Defense/update.cc:328
	Behavior/Defense/update.cc:335
	Behavior/Defense/update.cc:342
	Behavior/Defense/update.cc:349
	Behavior/Defense/update.cc:356
	Behavior/Defense/update.cc:363
	Behavior/Defense/update.cc:370
	Behavior/Defense/update.cc:377
	Behavior/Defense/Defense.cc:4
	Behavior/GetFromSide/getCapability.cc:13
	Behavior/Dribble/Dribble.cc:5
	Behavior/Dribble/Dribble.cc:6
	Behavior/Dribble/Dribble.cc:16
	Behavior/Dribble/Dribble.cc:17
	Behavior/Dribble/update.cc:12
	Behavior/Dribble/getCapability.cc:16
	Behavior/Dribble/getCapability.cc:17
	Behavior/Dribble/getCapability.cc:29
	Behavior/GetUpFromBelly/getCapability.cc:10
	Behavior/canKickLeft/getCapability.cc:17
	Behavior/canKickLeft/getCapability.cc:62
	Behavior/WalkStraightTo/update.cc:16
	Behavior/WalkStraightTo/update.cc:21
	Behavior/WalkStraightTo/update.cc:28
	Behavior/WalkStraightTo/update.cc:41
	Behavior/WalkStraightTo/update.cc:50
	Behavior/WalkStraightTo/getCapability.cc:20
	Behavior/WalkStraightTo/getCapability.cc:21
	Behavior/WalkStraightTo/getCapability.cc:35
	Behavior/WalkStraightTo/walkstraightto.cc:5
	Behavior/WalkStraightTo/walkstraightto.cc:6
	Behavior/GetUp/GetUp.cc:5
	Behavior/GetUp/update.cc:31
	Behavior/GetUp/getCapability.cc:30
	Behavior/GetUp/getCapability.cc:31
	Behavior/GetUp/getCapability.cc:42
	Behavior/GetUp/getCapability.cc:44
	Behavior/GetUp/getCapability.cc:55
	Behavior/GetUp/getCapability.cc:56
	Behavior/Freeze/Freeze.cc:5
	Behavior/Freeze/update.cc:10
	Behavior/Freeze/getCapability.cc:17
	Behavior/KickRightR/getCapability.cc:32
	Behavior/KickRightR/getCapability.cc:61
	Behavior/KickLeftL/getCapability.cc:24
	Behavior/KickLeftL/getCapability.cc:60
	Behavior/Search/Search.cc:7
	Behavior/Search/update.cc:14
	Behavior/Search/update.cc:55
	Behavior/TurnForDribble/update.cc:8
	Behavior/TurnForDribble/update.cc:10
	Behavior/TurnForDribble/update.cc:28
	Behavior/Sine2/sine2.hh:68
	Behavior/Sine/sine.hh:60
	Behavior/BestPosition/getCapability.cc:14
	Behavior/BestPosition/BestPosition.cc:5
	Behavior/GetUpFromBack/getCapability.cc:10
	Behavior/RightStep/getCapability.cc:24
	opuciplayer.cc:96
	opuciplayer.cc:106
	opuciplayer.cc:108
	HumanoidAgent/startUp.cc:27
	HumanoidAgent/humanoidagent.hh:86
	HumanoidAgent/run.cc:70
	WorldModel/updatePosture.cc:268
	WorldModel/worldmodel.hh:765
	WorldModel/worldmodel.hh:886
	WorldModel/worldmodel.hh:1100
	WorldModel/worldmodel.hh:1101
	WorldModel/updateAttackerState.cc:59
	WorldModel/updateAttackerState.cc:65
	WorldModel/convert.cc:46
	WorldModel/convert.cc:50
	WorldModel/convert.cc:54
	WorldModel/convert.cc:58
	WorldModel/convert.cc:69
	WorldModel/convert.cc:73
	WorldModel/convert.cc:77
	WorldModel/convert.cc:83
	WorldModel/convert.cc:87
	WorldModel/convert.cc:92
	WorldModel/convert.cc:97
	WorldModel/convert.cc:101
	WorldModel/convert.cc:105
	WorldModel/convert.cc:111
	WorldModel/convert.cc:115
	WorldModel/convert.cc:120
	WorldModel/convert.cc:390
	WorldModel/convert.cc:642
	WorldModel/worldmodel.cc:15
	SocketComm/initConnection.cc:5
	SocketComm/receive.cc:14
	SocketComm/receive.cc:91
	SocketComm/receive.cc:166
	Math/atSameSideOf.cc:28
	Math/math.hh:151
	Logger/logger.hh:34
	Logger/statics.cc:5
	GamepadInput/gamepadinput.cc:32
	GamepadInput/gamepadinput.cc:60
	GamepadInput/gamepadinput.cc:64
	VD3Connector/vd3connector.cc:48
	Net/server.cc:192
	Net/client.cc:135
	Singleton/singleton.hh:125
	Cerebellum/outputCommands.cc:79
	Cerebellum/outputCommands.cc:86
	Talent/atSameSideOf.cc:27
	PortableParser/portableparser.hh:154
	PortableParser/portableparser.hh:155
	PortableParser/portableparser.hh:169
	PortableParser/portableparser.hh:170
	Parser/parse.cc:27
	Behavior/reset.cc:5
	Behavior/doCurrentStep.cc:115
	Behavior/doCurrentStep.cc:123
	Behavior/doCurrentStep.cc:133
	Behavior/commonfunction.hh:51
	Behavior/behavior.hh:326
	Behavior/update.cc:18
	Behavior/update.cc:25
	Behavior/achieveGoal.cc:7
	Behavior/achieveGoal.cc:9
	Behavior/doLastChosen.cc:7
	Behavior/doNextStep.cc:21
	Behavior/doNextStep.cc:82
	Behavior/doNextStep.cc:91
	Behavior/doNextStep.cc:101
	Behavior/LeftStep/getCapability.cc:30
	Behavior/canKickRight/getCapability.cc:31
	Behavior/canKickRight/getCapability.cc:37
	Behavior/canKickRight/getCapability.cc:42
	Behavior/TurnTo/update.cc:8
	Behavior/PrimitiveBehavior/MoveJoint/run.cc:59
	Behavior/PrimitiveBehavior/Beam/run.cc:33
	Behavior/PrimitiveBehavior/MoveUniversalJoint/run.cc:30
	Behavior/PrimitiveBehavior/MoveHingeJoint/run.cc:28
	Behavior/ScriptPlayer/ScriptPlayer.cc:12
	Behavior/ScriptPlayer/ScriptPlayer.cc:62
	Behavior/ScriptPlayer/update.cc:8
	Behavior/ScriptPlayer/update.cc:23
	Behavior/ScriptPlayer/update.cc:31
	Behavior/ScriptPlayer/generateGoal.cc:5
	Behavior/Defense/update.cc:180
	Behavior/Defense/update.cc:182
	Behavior/Defense/update.cc:202
	Behavior/Defense/update.cc:216
	Behavior/Defense/update.cc:229
	Behavior/Defense/update.cc:242
	Behavior/Defense/update.cc:254
	Behavior/Defense/update.cc:266
	Behavior/Defense/update.cc:278
	Behavior/Defense/update.cc:290
	Behavior/Defense/update.cc:298
	Behavior/Defense/update.cc:300
	Behavior/Defense/update.cc:319
	Behavior/Defense/update.cc:326
	Behavior/Defense/update.cc:333
	Behavior/Defense/update.cc:340
	Behavior/Defense/update.cc:347
	Behavior/Defense/update.cc:354
	Behavior/Defense/update.cc:361
	Behavior/Defense/update.cc:368
	Behavior/Defense/update.cc:374
	Behavior/Defense/update.cc:383
	Behavior/Defense/update.cc:385
	Behavior/Defense/getCapability.cc:24
	Behavior/WalkAndTurn/getCapability.cc:7
	Behavior/GetFromSide/generateGoal.cc:5
	Behavior/Dribble/update.cc:10
	Behavior/Dribble/getCapability.cc:18
	Behavior/Dribble/getCapability.cc:24
	Behavior/GetUpFromBelly/generateGoal.cc:5
	Behavior/GoToBall/getCapability.cc:5
	Behavior/canKickLeft/getCapability.cc:30
	Behavior/canKickLeft/getCapability.cc:36
	Behavior/canKickLeft/getCapability.cc:41
	Behavior/WalkStraightTo/update.cc:14
	Behavior/WalkStraightTo/update.cc:20
	Behavior/WalkStraightTo/update.cc:23
	Behavior/WalkStraightTo/update.cc:46
	Behavior/WalkStraightTo/getCapability.cc:22
	Behavior/WalkStraightTo/getCapability.cc:30
	Behavior/WalkStraightTo/generateGoal.cc:5
	Behavior/Block/getCapability.cc:43
	Behavior/Block/getCapability.cc:53
	Behavior/Score/getCapability.cc:25
	Behavior/Score/Score.cc:12
	Behavior/Freeze/getCapability.cc:7
	Behavior/KickRightR/getCapability.cc:44
	Behavior/WalkTo/getCapability.cc:8
	Behavior/KickLeftL/getCapability.cc:44
	Behavior/Search/update.cc:36
	Behavior/Search/update.cc:44
	Behavior/Search/update.cc:61
	Behavior/TurnForDribble/update.cc:8
	Behavior/BeamTo/getCapability.cc:16
	Behavior/BestPosition/getCapability.cc:13
	Behavior/BestPosition/getCapability.cc:20
	Behavior/GetUpFromBack/generateGoal.cc:5
	Behavior/Intercept/getCapability.cc:45
	Behavior/RightStep/getCapability.cc:28
	Localizer/SimpleLocalizer/simplelocalizer.hh:35
	Localizer/SimpleLocalizer/simplelocalizer.hh:38
	Localizer/SimpleLocalizer/simplelocalizer.hh:48
	Localizer/SimpleLocalizer/simplelocalizer.hh:51
autoscan: warning: missing AC_TYPE_SIZE_T wanted by: 
	Input/input.hh:88
	Hashclasses/hashclasses.hh:122
	Hashclasses/hashclasses.hh:140
	Hashclasses/hashclasses.hh:164
	Hashclasses/hashclasses.hh:173
